<?xml version="1.0" encoding="UTF-8"?>
<testsuite xmlns:xsi="http://www.w3.org/2001/XMLSchema-instance" xsi:noNamespaceSchemaLocation="https://maven.apache.org/surefire/maven-surefire-plugin/xsd/surefire-test-report.xsd" name="JocTest" time="0.034" tests="52" errors="52" skipped="0" failures="0">
  <properties>
[...]
</properties>
  <testcase name="novaPartida_jugador" classname="JocTest" time="0.011">
    <error type="sun.reflect.generics.reflectiveObjects.NotImplementedException">sun.reflect.generics.reflectiveObjects.NotImplementedException
	at JocTest.novaPartida_jugador(JocTest.java:13)
</error>
  </testcase>
  <testcase name="jugar_TaullelNoBuit_01" classname="JocTest" time="0">
    <error type="sun.reflect.generics.reflectiveObjects.NotImplementedException">sun.reflect.generics.reflectiveObjects.NotImplementedException
	at JocTest.jugar_TaullelNoBuit_01(JocTest.java:241)
</error>
  </testcase>
  <testcase name="jugar_TaullelNoBuit_02" classname="JocTest" time="0">
    <error type="sun.reflect.generics.reflectiveObjects.NotImplementedException">sun.reflect.generics.reflectiveObjects.NotImplementedException
	at JocTest.jugar_TaullelNoBuit_02(JocTest.java:258)
</error>
  </testcase>
  <testcase name="jugar_TaullelNoBuit_03" classname="JocTest" time="0.001">
    <error type="sun.reflect.generics.reflectiveObjects.NotImplementedException">sun.reflect.generics.reflectiveObjects.NotImplementedException
	at JocTest.jugar_TaullelNoBuit_03(JocTest.java:276)
</error>
  </testcase>
  <testcase name="jugar_TaullelNoBuit_04" classname="JocTest" time="0">
    <error type="sun.reflect.generics.reflectiveObjects.NotImplementedException">sun.reflect.generics.reflectiveObjects.NotImplementedException
	at JocTest.jugar_TaullelNoBuit_04(JocTest.java:293)
</error>
  </testcase>
  <testcase name="jugar_TaullelNoBuit_05" classname="JocTest" time="0.001">
    <error type="sun.reflect.generics.reflectiveObjects.NotImplementedException">sun.reflect.generics.reflectiveObjects.NotImplementedException
	at JocTest.jugar_TaullelNoBuit_05(JocTest.java:310)
</error>
  </testcase>
  <testcase name="jugar_TaullelNoBuit_06" classname="JocTest" time="0">
    <error type="sun.reflect.generics.reflectiveObjects.NotImplementedException">sun.reflect.generics.reflectiveObjects.NotImplementedException
	at JocTest.jugar_TaullelNoBuit_06(JocTest.java:327)
</error>
  </testcase>
  <testcase name="jugar_TaullelNoBuit_07" classname="JocTest" time="0.001">
    <error type="sun.reflect.generics.reflectiveObjects.NotImplementedException">sun.reflect.generics.reflectiveObjects.NotImplementedException
	at JocTest.jugar_TaullelNoBuit_07(JocTest.java:344)
</error>
  </testcase>
  <testcase name="jugar_TaullelNoBuit_08" classname="JocTest" time="0">
    <error type="sun.reflect.generics.reflectiveObjects.NotImplementedException">sun.reflect.generics.reflectiveObjects.NotImplementedException
	at JocTest.jugar_TaullelNoBuit_08(JocTest.java:361)
</error>
  </testcase>
  <testcase name="jugar_TaullelNoBuit_09" classname="JocTest" time="0">
    <error type="sun.reflect.generics.reflectiveObjects.NotImplementedException">sun.reflect.generics.reflectiveObjects.NotImplementedException
	at JocTest.jugar_TaullelNoBuit_09(JocTest.java:378)
</error>
  </testcase>
  <testcase name="jugar_TaullelNoBuit_10" classname="JocTest" time="0">
    <error type="sun.reflect.generics.reflectiveObjects.NotImplementedException">sun.reflect.generics.reflectiveObjects.NotImplementedException
	at JocTest.jugar_TaullelNoBuit_10(JocTest.java:396)
</error>
  </testcase>
  <testcase name="jugar_TaullelNoBuit_11" classname="JocTest" time="0">
    <error type="sun.reflect.generics.reflectiveObjects.NotImplementedException">sun.reflect.generics.reflectiveObjects.NotImplementedException
	at JocTest.jugar_TaullelNoBuit_11(JocTest.java:413)
</error>
  </testcase>
  <testcase name="jugar_TaullelNoBuit_12" classname="JocTest" time="0">
    <error type="sun.reflect.generics.reflectiveObjects.NotImplementedException">sun.reflect.generics.reflectiveObjects.NotImplementedException
	at JocTest.jugar_TaullelNoBuit_12(JocTest.java:430)
</error>
  </testcase>
  <testcase name="jugar_TaullelNoBuit_13" classname="JocTest" time="0.001">
    <error type="sun.reflect.generics.reflectiveObjects.NotImplementedException">sun.reflect.generics.reflectiveObjects.NotImplementedException
	at JocTest.jugar_TaullelNoBuit_13(JocTest.java:448)
</error>
  </testcase>
  <testcase name="jugar_TaullelNoBuit_14" classname="JocTest" time="0">
    <error type="sun.reflect.generics.reflectiveObjects.NotImplementedException">sun.reflect.generics.reflectiveObjects.NotImplementedException
	at JocTest.jugar_TaullelNoBuit_14(JocTest.java:465)
</error>
  </testcase>
  <testcase name="jugar_TaullelNoBuit_15" classname="JocTest" time="0.001">
    <error type="sun.reflect.generics.reflectiveObjects.NotImplementedException">sun.reflect.generics.reflectiveObjects.NotImplementedException
	at JocTest.jugar_TaullelNoBuit_15(JocTest.java:482)
</error>
  </testcase>
  <testcase name="jugar_TaullelNoBuit_16" classname="JocTest" time="0">
    <error type="sun.reflect.generics.reflectiveObjects.NotImplementedException">sun.reflect.generics.reflectiveObjects.NotImplementedException
	at JocTest.jugar_TaullelNoBuit_16(JocTest.java:499)
</error>
  </testcase>
  <testcase name="jugar_TaullelNoBuit_17" classname="JocTest" time="0">
    <error type="sun.reflect.generics.reflectiveObjects.NotImplementedException">sun.reflect.generics.reflectiveObjects.NotImplementedException
	at JocTest.jugar_TaullelNoBuit_17(JocTest.java:516)
</error>
  </testcase>
  <testcase name="jugar_TaullelNoBuit_18" classname="JocTest" time="0.001">
    <error type="sun.reflect.generics.reflectiveObjects.NotImplementedException">sun.reflect.generics.reflectiveObjects.NotImplementedException
	at JocTest.jugar_TaullelNoBuit_18(JocTest.java:533)
</error>
  </testcase>
  <testcase name="jugar_TaullelNoBuit_19" classname="JocTest" time="0">
    <error type="sun.reflect.generics.reflectiveObjects.NotImplementedException">sun.reflect.generics.reflectiveObjects.NotImplementedException
	at JocTest.jugar_TaullelNoBuit_19(JocTest.java:550)
</error>
  </testcase>
  <testcase name="jugar_TaullelNoBuit_20" classname="JocTest" time="0.001">
    <error type="sun.reflect.generics.reflectiveObjects.NotImplementedException">sun.reflect.generics.reflectiveObjects.NotImplementedException
	at JocTest.jugar_TaullelNoBuit_20(JocTest.java:567)
</error>
  </testcase>
  <testcase name="jugar_TaullelNoBuit_21" classname="JocTest" time="0">
    <error type="sun.reflect.generics.reflectiveObjects.NotImplementedException">sun.reflect.generics.reflectiveObjects.NotImplementedException
	at JocTest.jugar_TaullelNoBuit_21(JocTest.java:584)
</error>
  </testcase>
  <testcase name="jugar_TaullelNoBuit_22" classname="JocTest" time="0">
    <error type="sun.reflect.generics.reflectiveObjects.NotImplementedException">sun.reflect.generics.reflectiveObjects.NotImplementedException
	at JocTest.jugar_TaullelNoBuit_22(JocTest.java:601)
</error>
  </testcase>
  <testcase name="jugar_TaullelNoBuit_23" classname="JocTest" time="0">
    <error type="sun.reflect.generics.reflectiveObjects.NotImplementedException">sun.reflect.generics.reflectiveObjects.NotImplementedException
	at JocTest.jugar_TaullelNoBuit_23(JocTest.java:618)
</error>
  </testcase>
  <testcase name="jugar_TaullelNoBuit_24" classname="JocTest" time="0.001">
    <error type="sun.reflect.generics.reflectiveObjects.NotImplementedException">sun.reflect.generics.reflectiveObjects.NotImplementedException
	at JocTest.jugar_TaullelNoBuit_24(JocTest.java:635)
</error>
  </testcase>
  <testcase name="jugar_TaullelNoBuit_25" classname="JocTest" time="0">
    <error type="sun.reflect.generics.reflectiveObjects.NotImplementedException">sun.reflect.generics.reflectiveObjects.NotImplementedException
	at JocTest.jugar_TaullelNoBuit_25(JocTest.java:652)
</error>
  </testcase>
  <testcase name="jugar_TaullelNoBuit_26" classname="JocTest" time="0">
    <error type="sun.reflect.generics.reflectiveObjects.NotImplementedException">sun.reflect.generics.reflectiveObjects.NotImplementedException
	at JocTest.jugar_TaullelNoBuit_26(JocTest.java:669)
</error>
  </testcase>
  <testcase name="jugar_TaullelNoBuit_27" classname="JocTest" time="0.001">
    <error type="sun.reflect.generics.reflectiveObjects.NotImplementedException">sun.reflect.generics.reflectiveObjects.NotImplementedException
	at JocTest.jugar_TaullelNoBuit_27(JocTest.java:686)
</error>
  </testcase>
  <testcase name="jugar_TaullelNoBuit_28" classname="JocTest" time="0">
    <error type="sun.reflect.generics.reflectiveObjects.NotImplementedException">sun.reflect.generics.reflectiveObjects.NotImplementedException
	at JocTest.jugar_TaullelNoBuit_28(JocTest.java:703)
</error>
  </testcase>
  <testcase name="jugar_TaullelNoBuit_29" classname="JocTest" time="0.001">
    <error type="sun.reflect.generics.reflectiveObjects.NotImplementedException">sun.reflect.generics.reflectiveObjects.NotImplementedException
	at JocTest.jugar_TaullelNoBuit_29(JocTest.java:720)
</error>
  </testcase>
  <testcase name="jugar_TaullelNoBuit_30" classname="JocTest" time="0">
    <error type="sun.reflect.generics.reflectiveObjects.NotImplementedException">sun.reflect.generics.reflectiveObjects.NotImplementedException
	at JocTest.jugar_TaullelNoBuit_30(JocTest.java:737)
</error>
  </testcase>
  <testcase name="jugar_TaullelNoBuit_31" classname="JocTest" time="0">
    <error type="sun.reflect.generics.reflectiveObjects.NotImplementedException">sun.reflect.generics.reflectiveObjects.NotImplementedException
	at JocTest.jugar_TaullelNoBuit_31(JocTest.java:754)
</error>
  </testcase>
  <testcase name="jugar_TaullelNoBuit_32" classname="JocTest" time="0.001">
    <error type="sun.reflect.generics.reflectiveObjects.NotImplementedException">sun.reflect.generics.reflectiveObjects.NotImplementedException
	at JocTest.jugar_TaullelNoBuit_32(JocTest.java:771)
</error>
  </testcase>
  <testcase name="jugar_TaullelNoBuit_33" classname="JocTest" time="0">
    <error type="sun.reflect.generics.reflectiveObjects.NotImplementedException">sun.reflect.generics.reflectiveObjects.NotImplementedException
	at JocTest.jugar_TaullelNoBuit_33(JocTest.java:788)
</error>
  </testcase>
  <testcase name="jugar_TaullelNoBuit_34" classname="JocTest" time="0">
    <error type="sun.reflect.generics.reflectiveObjects.NotImplementedException">sun.reflect.generics.reflectiveObjects.NotImplementedException
	at JocTest.jugar_TaullelNoBuit_34(JocTest.java:805)
</error>
  </testcase>
  <testcase name="jugar_TaullelNoBuit_35" classname="JocTest" time="0.001">
    <error type="sun.reflect.generics.reflectiveObjects.NotImplementedException">sun.reflect.generics.reflectiveObjects.NotImplementedException
	at JocTest.jugar_TaullelNoBuit_35(JocTest.java:822)
</error>
  </testcase>
  <testcase name="jugar_TaullelNoBuit_36" classname="JocTest" time="0">
    <error type="sun.reflect.generics.reflectiveObjects.NotImplementedException">sun.reflect.generics.reflectiveObjects.NotImplementedException
	at JocTest.jugar_TaullelNoBuit_36(JocTest.java:839)
</error>
  </testcase>
  <testcase name="jugar_TaullelNoBuit_37" classname="JocTest" time="0">
    <error type="sun.reflect.generics.reflectiveObjects.NotImplementedException">sun.reflect.generics.reflectiveObjects.NotImplementedException
	at JocTest.jugar_TaullelNoBuit_37(JocTest.java:856)
</error>
  </testcase>
  <testcase name="jugadaGuanyadoraJugador1Guanya" classname="JocTest" time="0.001">
    <error type="sun.reflect.generics.reflectiveObjects.NotImplementedException">sun.reflect.generics.reflectiveObjects.NotImplementedException
	at JocTest.jugadaGuanyadoraJugador1Guanya(JocTest.java:73)
</error>
  </testcase>
  <testcase name="jugadaGuanyadoraJugador2Guanya" classname="JocTest" time="0">
    <error type="sun.reflect.generics.reflectiveObjects.NotImplementedException">sun.reflect.generics.reflectiveObjects.NotImplementedException
	at JocTest.jugadaGuanyadoraJugador2Guanya(JocTest.java:84)
</error>
  </testcase>
  <testcase name="jugar_TaullelBuitpos00" classname="JocTest" time="0">
    <error type="sun.reflect.generics.reflectiveObjects.NotImplementedException">sun.reflect.generics.reflectiveObjects.NotImplementedException
	at JocTest.jugar_TaullelBuitpos00(JocTest.java:90)
</error>
  </testcase>
  <testcase name="jugar_TaullelBuitpos01" classname="JocTest" time="0">
    <error type="sun.reflect.generics.reflectiveObjects.NotImplementedException">sun.reflect.generics.reflectiveObjects.NotImplementedException
	at JocTest.jugar_TaullelBuitpos01(JocTest.java:108)
</error>
  </testcase>
  <testcase name="jugar_TaullelBuitpos02" classname="JocTest" time="0">
    <error type="sun.reflect.generics.reflectiveObjects.NotImplementedException">sun.reflect.generics.reflectiveObjects.NotImplementedException
	at JocTest.jugar_TaullelBuitpos02(JocTest.java:127)
</error>
  </testcase>
  <testcase name="jugar_TaullelBuitpos10" classname="JocTest" time="0">
    <error type="sun.reflect.generics.reflectiveObjects.NotImplementedException">sun.reflect.generics.reflectiveObjects.NotImplementedException
	at JocTest.jugar_TaullelBuitpos10(JocTest.java:143)
</error>
  </testcase>
  <testcase name="jugar_TaullelBuitpos11" classname="JocTest" time="0.001">
    <error type="sun.reflect.generics.reflectiveObjects.NotImplementedException">sun.reflect.generics.reflectiveObjects.NotImplementedException
	at JocTest.jugar_TaullelBuitpos11(JocTest.java:159)
</error>
  </testcase>
  <testcase name="jugar_TaullelBuitpos12" classname="JocTest" time="0">
    <error type="sun.reflect.generics.reflectiveObjects.NotImplementedException">sun.reflect.generics.reflectiveObjects.NotImplementedException
	at JocTest.jugar_TaullelBuitpos12(JocTest.java:175)
</error>
  </testcase>
  <testcase name="jugar_TaullelBuitpos20" classname="JocTest" time="0">
    <error type="sun.reflect.generics.reflectiveObjects.NotImplementedException">sun.reflect.generics.reflectiveObjects.NotImplementedException
	at JocTest.jugar_TaullelBuitpos20(JocTest.java:191)
</error>
  </testcase>
  <testcase name="jugar_TaullelBuitpos21" classname="JocTest" time="0">
    <error type="sun.reflect.generics.reflectiveObjects.NotImplementedException">sun.reflect.generics.reflectiveObjects.NotImplementedException
	at JocTest.jugar_TaullelBuitpos21(JocTest.java:207)
</error>
  </testcase>
  <testcase name="jugar_TaullelBuitpos22" classname="JocTest" time="0.001">
    <error type="sun.reflect.generics.reflectiveObjects.NotImplementedException">sun.reflect.generics.reflectiveObjects.NotImplementedException
	at JocTest.jugar_TaullelBuitpos22(JocTest.java:223)
</error>
  </testcase>
  <testcase name="jugadaGuanyadoraUnaCasella" classname="JocTest" time="0">
    <error type="sun.reflect.generics.reflectiveObjects.NotImplementedException">sun.reflect.generics.reflectiveObjects.NotImplementedException
	at JocTest.jugadaGuanyadoraUnaCasella(JocTest.java:59)
</error>
  </testcase>
  <testcase name="jugadaGuanyadoraTaulellBuit" classname="JocTest" time="0">
    <error type="sun.reflect.generics.reflectiveObjects.NotImplementedException">sun.reflect.generics.reflectiveObjects.NotImplementedException
	at JocTest.jugadaGuanyadoraTaulellBuit(JocTest.java:42)
</error>
  </testcase>
  <testcase name="novaPartida_taulell" classname="JocTest" time="0.001">
    <error type="sun.reflect.generics.reflectiveObjects.NotImplementedException">sun.reflect.generics.reflectiveObjects.NotImplementedException
	at JocTest.novaPartida_taulell(JocTest.java:21)
</error>
  </testcase>
</testsuite>